bluetoothlibrary/build 2/outputs/logs/manifest-merger-debug-report.txt
-- Merging decision tree log ---
manifest
ADDED from src/main/AndroidManifest.xml:1:1-11:12
INJECTED from src/main/AndroidManifest.xml:1:1-11:12
	package
		INJECTED from src/main/AndroidManifest.xml
	xmlns:android
		ADDED from src/main/AndroidManifest.xml:1:11-69
uses-permission#android.permission.BLUETOOTH
ADDED from src/main/AndroidManifest.xml:3:5-68
	android:name
		ADDED from src/main/AndroidManifest.xml:3:22-65
uses-permission#android.permission.BLUETOOTH_ADMIN
ADDED from src/main/AndroidManifest.xml:4:5-74
	android:name
		ADDED from src/main/AndroidManifest.xml:4:22-71
uses-permission#android.Manifest.permission#BLUETOOTH
ADDED from src/main/AndroidManifest.xml:5:5-76
	android:name
		ADDED from src/main/AndroidManifest.xml:5:22-74
uses-permission#android.permission.RECEIVE_BOOT_COMPLETED
ADDED from src/main/AndroidManifest.xml:6:5-81
	android:name
		ADDED from src/main/AndroidManifest.xml:6:22-78
application
ADDED from src/main/AndroidManifest.xml:8:5-10:19
service#com.hc.bluetoothlibrary.bleBluetooth.BluetoothLeService
ADDED from src/main/AndroidManifest.xml:9:9-67
	android:name
		ADDED from src/main/AndroidManifest.xml:9:18-65
uses-sdk
INJECTED from src/main/AndroidManifest.xml reason: use-sdk injection requested
INJECTED from src/main/AndroidManifest.xml
INJECTED from src/main/AndroidManifest.xml
	android:targetSdkVersion
		INJECTED from src/main/AndroidManifest.xml
	android:minSdkVersion
		INJECTED from src/main/AndroidManifest.xml